2026-03-24 22:25:32,062 | INFO | Abrindo navegador...
2026-03-24 22:25:37,019 | INFO | Coletando dados...
2026-03-24 22:25:41,305 | INFO | 10 registros coletados
2026-03-24 22:25:43,497 | INFO | Processando dados...
2026-03-24 22:25:45,498 | INFO | Dados processados com sucesso
2026-03-24 22:25:47,687 | INFO | Gerando Excel...
2026-03-24 22:25:50,057 | INFO | Arquivo salvo: C:\Users\Paulo\Desktop\POO\rpa_report_bot\output\relatorio_20260324_222548.xlsx
2026-03-24 22:26:38,097 | INFO | Fechando navegador...
2026-03-24 22:26:42,164 | WARNING | Retrying (Retry(total=2, connect=None, read=None, redirect=None, status=None)) after connection broken by 'NewConnectionError("HTTPConnection(host='localhost', port=56418): Failed to establish a new connection: [WinError 10061] Nenhuma conexăo pôde ser feita porque a máquina de destino as recusou ativamente")': /session/cd7f7e308eb5eaa2dd1dae72145ae9a9
2026-03-24 22:26:46,262 | WARNING | Retrying (Retry(total=1, connect=None, read=None, redirect=None, status=None)) after connection broken by 'NewConnectionError("HTTPConnection(host='localhost', port=56418): Failed to establish a new connection: [WinError 10061] Nenhuma conexăo pôde ser feita porque a máquina de destino as recusou ativamente")': /session/cd7f7e308eb5eaa2dd1dae72145ae9a9
2026-03-24 22:26:50,349 | WARNING | Retrying (Retry(total=0, connect=None, read=None, redirect=None, status=None)) after connection broken by 'NewConnectionError("HTTPConnection(host='localhost', port=56418): Failed to establish a new connection: [WinError 10061] Nenhuma conexăo pôde ser feita porque a máquina de destino as recusou ativamente")': /session/cd7f7e308eb5eaa2dd1dae72145ae9a9
2026-03-24 22:31:59,034 | INFO | Abrindo navegador...
2026-03-24 22:32:04,844 | INFO | Coletando dados...
2026-03-24 22:32:09,128 | INFO | 10 registros coletados
2026-03-24 22:32:11,316 | INFO | Processando dados...
2026-03-24 22:32:13,317 | INFO | Dados processados com sucesso
2026-03-24 22:32:15,506 | INFO | Gerando Excel...
2026-03-24 22:32:17,690 | INFO | Arquivo salvo: C:\Users\Paulo\Desktop\POO\rpa_report_bot\output\relatorio_20260324_223216.xlsx
2026-03-24 22:35:30,988 | INFO | Fechando navegador...
2026-03-24 22:35:30,991 | WARNING | Retrying (Retry(total=2, connect=None, read=None, redirect=None, status=None)) after connection broken by 'ConnectionResetError(10054, 'Foi forçado o cancelamento de uma conexăo existente pelo host remoto', None, 10054, None)': /session/6719b58a4eda6c2e7181b1294cebaca4
